<?xml version="1.0" encoding="UTF-8"?>
<!-- Generated by org.testng.reporters.JUnitReportReporter -->
<testsuite hostname="LAPTOP-JLK0VQOA" failures="0" tests="1" name="org.ictkerala.testcases.IctakTestcases" time="0.139" errors="0" timestamp="2025-05-05T10:38:00 IST" skipped="0">
  <testcase classname="org.ictkerala.testcases.IctakTestcases" name="TC_1_1_1" time="0.139"/>
</testsuite> <!-- org.ictkerala.testcases.IctakTestcases -->
